1707390132488:help
1707390144305:create_parking_lot
1707390174154:create_parking_lot 6
1707390180102:clear
1707391332802:wzit
1707391335270:exit
1707395608207:help
1707395627792:create_parking_lot 6
1707395644639:park KA-01-HH-3141 Black
1707396538117:create_parking_lot 6
1707396548786:park KA-01-HH-1234 White
1707396558548:park KA-01-HH-9999 White
1707396567187:park KA-01-BB-0001 Black
1707396575098:park KA-01-HH-7777 Red
1707396583515:park KA-01-HH-2701 Blue
1707396591544:park KA-01-HH-3141 Black
1707396601668:leave 4
1707396653778:stacktrace
1707396799543:create_parking_lot 6
1707396807881:park KA-01-HH-1234 White
1707396814979:park KA-01-HH-9999 White
1707396822709:park KA-01-BB-0001 Black
1707396830275:park KA-01-HH-7777 Red
1707396840340:park KA-01-HH-2701 Blue
1707396848707:park KA-01-HH-3141 Black
1707396857254:leave 4
1707396862874:status
1707396890880:park KA-01-P-333 White
1707396902848:park DL-12-AA-9999 White
1707398447455:create_parking_lot 6
1707398456810:park KA-01-HH-1234 White
1707398464814:park KA-01-HH-9999 White
1707398472605:park KA-01-BB-0001 Black
1707398480640:park KA-01-HH-7777 Red
1707398489577:park KA-01-HH-2701 Blue
1707398499667:park KA-01-HH-3141 Black
1707398507904:leave 4
1707398519296:status
1707398544833:park KA-01-P-333 White
1707398556703:park DL-12-AA-9999 White
1707398570771:registration_numbers_for_cars_with_colour White
1707398597437:help
1707398616790:slot_number_for_car_with_registrationNo KA-01-HH-9999
1707398634806:slot_numbers_for_cars_with_colour White
1707398651410:status
1707398818768:help
1707398832867:create_parking_lot 6
1707398845540:park KA-01-HH-9999 White
1707398848184:status
1707398940072:create_parking_lot 6
1707398949437:park DL-12-AA-9999 White
1707398952275:status
1707398961336:clear
1707398964452:help
1707398985864:history
1707398995624:version
1707399006095:clear
1707399007968:cls
1707407702060:help
1707407709783:clear
1707410906831:help
1707410925852:create_parking_lot 6
1707410947866:park c1 white
1707410954252:park c2 black
1707410963141:park c3 white
1707410972532:park c4 red
1707410987127:park c5 black
1707410992557:park c6 white
1707411016935:leave 4
1707411021260:status
1707411040856:park c7 red
1707411062833:registration_numbers_for_cars_with_colour red
1707411070068:registration_numbers_for_cars_with_colour white
1707411100179:slot_numbers_for_cars_with_colour white
1707411106906:slot_numbers_for_cars_with_colour red
1707411123772:exit
1707419843132:help
1707424816983:create_parking_lot 6
1707424824617:park c1 red
1707424829125:park c2 blue
1707424832393:status
1707424846373:registration_numbers_for_cars_with_colour red
